Determining if the pthread_create exist failed with the following output:
Change Dir: /home/luis/Documents/Reto_6_Semestre/Reto_workspace_image_processing/build/CMakeFiles/CMakeTmp

Run Build Command:"/usr/bin/make" "cmTC_92142/fast"
/usr/bin/make -f CMakeFiles/cmTC_92142.dir/build.make CMakeFiles/cmTC_92142.dir/build
make[1]: Entering directory '/home/luis/Documents/Reto_6_Semestre/Reto_workspace_image_processing/build/CMakeFiles/CMakeTmp'
Building C object CMakeFiles/cmTC_92142.dir/CheckSymbolExists.c.o
/usr/bin/cc    -o CMakeFiles/cmTC_92142.dir/CheckSymbolExists.c.o   -c /home/luis/Documents/Reto_6_Semestre/Reto_workspace_image_processing/build/CMakeFiles/CMakeTmp/CheckSymbolExists.c
Linking C executable cmTC_92142
/usr/bin/cmake -E cmake_link_script CMakeFiles/cmTC_92142.dir/link.txt --verbose=1
/usr/bin/cc      -rdynamic CMakeFiles/cmTC_92142.dir/CheckSymbolExists.c.o  -o cmTC_92142 
CMakeFiles/cmTC_92142.dir/CheckSymbolExists.c.o: In function `main':
CheckSymbolExists.c:(.text+0x1b): undefined reference to `pthread_create'
collect2: error: ld returned 1 exit status
CMakeFiles/cmTC_92142.dir/build.make:97: recipe for target 'cmTC_92142' failed
make[1]: *** [cmTC_92142] Error 1
make[1]: Leaving directory '/home/luis/Documents/Reto_6_Semestre/Reto_workspace_image_processing/build/CMakeFiles/CMakeTmp'
Makefile:126: recipe for target 'cmTC_92142/fast' failed
make: *** [cmTC_92142/fast] Error 2

File /home/luis/Documents/Reto_6_Semestre/Reto_workspace_image_processing/build/CMakeFiles/CMakeTmp/CheckSymbolExists.c:
/* */
#include <pthread.h>

int main(int argc, char** argv)
{
  (void)argv;
#ifndef pthread_create
  return ((int*)(&pthread_create))[argc];
#else
  (void)argc;
  return 0;
#endif
}

Determining if the function pthread_create exists in the pthreads failed with the following output:
Change Dir: /home/luis/Documents/Reto_6_Semestre/Reto_workspace_image_processing/build/CMakeFiles/CMakeTmp

Run Build Command:"/usr/bin/make" "cmTC_d327d/fast"
/usr/bin/make -f CMakeFiles/cmTC_d327d.dir/build.make CMakeFiles/cmTC_d327d.dir/build
make[1]: Entering directory '/home/luis/Documents/Reto_6_Semestre/Reto_workspace_image_processing/build/CMakeFiles/CMakeTmp'
Building C object CMakeFiles/cmTC_d327d.dir/CheckFunctionExists.c.o
/usr/bin/cc   -DCHECK_FUNCTION_EXISTS=pthread_create   -o CMakeFiles/cmTC_d327d.dir/CheckFunctionExists.c.o   -c /usr/share/cmake-3.10/Modules/CheckFunctionExists.c
Linking C executable cmTC_d327d
/usr/bin/cmake -E cmake_link_script CMakeFiles/cmTC_d327d.dir/link.txt --verbose=1
/usr/bin/cc  -DCHECK_FUNCTION_EXISTS=pthread_create    -rdynamic CMakeFiles/cmTC_d327d.dir/CheckFunctionExists.c.o  -o cmTC_d327d -lpthreads 
/usr/bin/ld: cannot find -lpthreads
collect2: error: ld returned 1 exit status
CMakeFiles/cmTC_d327d.dir/build.make:97: recipe for target 'cmTC_d327d' failed
make[1]: *** [cmTC_d327d] Error 1
make[1]: Leaving directory '/home/luis/Documents/Reto_6_Semestre/Reto_workspace_image_processing/build/CMakeFiles/CMakeTmp'
Makefile:126: recipe for target 'cmTC_d327d/fast' failed
make: *** [cmTC_d327d/fast] Error 2


